0 info it worked if it ends with ok
1 verbose cli [ '/usr/bin/node', '/usr/bin/npm', 'install', '-g', 'node-static' ]
2 info using npm@3.5.2
3 info using node@v8.10.0
4 silly loadCurrentTree Starting
5 silly install loadCurrentTree
6 silly install readGlobalPackageData
7 silly fetchPackageMetaData node-static
8 silly fetchNamedPackageData node-static
9 silly mapToRegistry name node-static
10 silly mapToRegistry using default registry
11 silly mapToRegistry registry https://registry.npmjs.org/
12 silly mapToRegistry uri https://registry.npmjs.org/node-static
13 verbose request uri https://registry.npmjs.org/node-static
14 verbose request no auth needed
15 info attempt registry request try #1 at 3:57:51 PM
16 verbose request id 498ca0a4f6ace91e
17 http request GET https://registry.npmjs.org/node-static
18 info retry will retry, error on last attempt: Error: connect ECONNREFUSED 104.16.23.35:443
19 info attempt registry request try #2 at 3:58:22 PM
20 http request GET https://registry.npmjs.org/node-static
21 http 200 https://registry.npmjs.org/node-static
22 verbose headers { date: 'Wed, 17 Apr 2019 22:58:26 GMT',
22 verbose headers   'content-type': 'application/json',
22 verbose headers   'transfer-encoding': 'chunked',
22 verbose headers   connection: 'keep-alive',
22 verbose headers   'set-cookie':
22 verbose headers    [ '__cfduid=d948cc2ac574f8b90cf90adf7db624eaf1555541906; expires=Thu, 16-Apr-20 22:58:26 GMT; path=/; domain=.registry.npmjs.org; HttpOnly' ],
22 verbose headers   'cf-cache-status': 'REVALIDATED',
22 verbose headers   'cache-control': 'max-age=300',
22 verbose headers   'cf-ray': '4c9200f12e87960d-SJC',
22 verbose headers   etag: 'W/"9aca6d6ed872799cde4119f845b402ea"',
22 verbose headers   'expect-ct': 'max-age=604800, report-uri="https://report-uri.cloudflare.com/cdn-cgi/beacon/expect-ct"',
22 verbose headers   'last-modified': 'Fri, 04 Jan 2019 23:23:54 GMT',
22 verbose headers   vary: 'accept-encoding, accept',
22 verbose headers   'x-amz-meta-rev': '116-7a8fd1c78775a5dc83a4627a516a3db0',
22 verbose headers   server: 'cloudflare',
22 verbose headers   'content-encoding': 'gzip' }
23 silly get cb [ 200,
23 silly get   { date: 'Wed, 17 Apr 2019 22:58:26 GMT',
23 silly get     'content-type': 'application/json',
23 silly get     'transfer-encoding': 'chunked',
23 silly get     connection: 'keep-alive',
23 silly get     'set-cookie':
23 silly get      [ '__cfduid=d948cc2ac574f8b90cf90adf7db624eaf1555541906; expires=Thu, 16-Apr-20 22:58:26 GMT; path=/; domain=.registry.npmjs.org; HttpOnly' ],
23 silly get     'cf-cache-status': 'REVALIDATED',
23 silly get     'cache-control': 'max-age=300',
23 silly get     'cf-ray': '4c9200f12e87960d-SJC',
23 silly get     etag: 'W/"9aca6d6ed872799cde4119f845b402ea"',
23 silly get     'expect-ct': 'max-age=604800, report-uri="https://report-uri.cloudflare.com/cdn-cgi/beacon/expect-ct"',
23 silly get     'last-modified': 'Fri, 04 Jan 2019 23:23:54 GMT',
23 silly get     vary: 'accept-encoding, accept',
23 silly get     'x-amz-meta-rev': '116-7a8fd1c78775a5dc83a4627a516a3db0',
23 silly get     server: 'cloudflare',
23 silly get     'content-encoding': 'gzip' } ]
24 verbose get saving node-static to /home/mike-moss/.npm/registry.npmjs.org/node-static/.cache.json
25 silly install normalizeTree
26 silly loadCurrentTree Finishing
27 silly loadIdealTree Starting
28 silly install loadIdealTree
29 silly cloneCurrentTree Starting
30 silly install cloneCurrentTreeToIdealTree
31 silly cloneCurrentTree Finishing
32 silly loadShrinkwrap Starting
33 silly install loadShrinkwrap
34 silly loadShrinkwrap Finishing
35 silly loadAllDepsIntoIdealTree Starting
36 silly install loadAllDepsIntoIdealTree
37 silly resolveWithNewModule node-static@0.7.11 checking installable status
38 silly cache add args [ 'node-static', null ]
39 verbose cache add spec node-static
40 silly cache add parsed spec Result {
40 silly cache add   raw: 'node-static',
40 silly cache add   scope: null,
40 silly cache add   name: 'node-static',
40 silly cache add   rawSpec: '',
40 silly cache add   spec: 'latest',
40 silly cache add   type: 'tag' }
41 silly addNamed node-static@latest
42 verbose addNamed "latest" is being treated as a dist-tag for node-static
43 info addNameTag [ 'node-static', 'latest' ]
44 silly mapToRegistry name node-static
45 silly mapToRegistry using default registry
46 silly mapToRegistry registry https://registry.npmjs.org/
47 silly mapToRegistry uri https://registry.npmjs.org/node-static
48 verbose addNameTag registry:https://registry.npmjs.org/node-static not in flight; fetching
49 verbose get https://registry.npmjs.org/node-static not expired, no request
50 silly addNameTag next cb for node-static with tag latest
51 silly addNamed node-static@0.7.11
52 verbose addNamed "0.7.11" is a plain semver version for node-static
53 silly mapToRegistry name node-static
54 silly mapToRegistry using default registry
55 silly mapToRegistry registry https://registry.npmjs.org/
56 silly mapToRegistry uri https://registry.npmjs.org/node-static
57 verbose addRemoteTarball https://registry.npmjs.org/node-static/-/node-static-0.7.11.tgz not in flight; adding
58 verbose addRemoteTarball [ 'https://registry.npmjs.org/node-static/-/node-static-0.7.11.tgz',
58 verbose addRemoteTarball   '60120d349f3cef533e4e820670057eb631882e7f' ]
59 info retry fetch attempt 1 at 3:58:26 PM
60 info attempt registry request try #1 at 3:58:26 PM
61 http fetch GET https://registry.npmjs.org/node-static/-/node-static-0.7.11.tgz
62 http fetch 200 https://registry.npmjs.org/node-static/-/node-static-0.7.11.tgz
63 silly fetchAndShaCheck shasum 60120d349f3cef533e4e820670057eb631882e7f
64 verbose addTmpTarball /tmp/npm-2228-3ac6f7eb/registry.npmjs.org/node-static/-/node-static-0.7.11.tgz not in flight; adding
65 verbose addTmpTarball already have metadata; skipping unpack for node-static@0.7.11
66 silly cache afterAdd node-static@0.7.11
67 verbose afterAdd /home/mike-moss/.npm/node-static/0.7.11/package/package.json not in flight; writing
68 verbose afterAdd /home/mike-moss/.npm/node-static/0.7.11/package/package.json written
69 silly fetchNamedPackageData optimist
70 silly mapToRegistry name optimist
71 silly mapToRegistry using default registry
72 silly mapToRegistry registry https://registry.npmjs.org/
73 silly mapToRegistry uri https://registry.npmjs.org/optimist
74 silly fetchNamedPackageData colors
75 silly mapToRegistry name colors
76 silly mapToRegistry using default registry
77 silly mapToRegistry registry https://registry.npmjs.org/
78 silly mapToRegistry uri https://registry.npmjs.org/colors
79 silly fetchNamedPackageData mime
80 silly mapToRegistry name mime
81 silly mapToRegistry using default registry
82 silly mapToRegistry registry https://registry.npmjs.org/
83 silly mapToRegistry uri https://registry.npmjs.org/mime
84 verbose request uri https://registry.npmjs.org/optimist
85 verbose request no auth needed
86 info attempt registry request try #1 at 3:58:26 PM
87 http request GET https://registry.npmjs.org/optimist
88 verbose request uri https://registry.npmjs.org/colors
89 verbose request no auth needed
90 info attempt registry request try #1 at 3:58:26 PM
91 http request GET https://registry.npmjs.org/colors
92 verbose request uri https://registry.npmjs.org/mime
93 verbose request no auth needed
94 info attempt registry request try #1 at 3:58:26 PM
95 http request GET https://registry.npmjs.org/mime
96 http 200 https://registry.npmjs.org/optimist
97 verbose headers { date: 'Wed, 17 Apr 2019 22:58:27 GMT',
97 verbose headers   'content-type': 'application/json; charset=UTF-8',
97 verbose headers   'transfer-encoding': 'chunked',
97 verbose headers   connection: 'keep-alive',
97 verbose headers   'set-cookie':
97 verbose headers    [ '__cfduid=d4bd2acac7f6a69a1b433077044758bbb1555541907; expires=Thu, 16-Apr-20 22:58:27 GMT; path=/; domain=.registry.npmjs.org; HttpOnly' ],
97 verbose headers   'cf-cache-status': 'HIT',
97 verbose headers   'cache-control': 'max-age=300',
97 verbose headers   'cf-ray': '4c9200f72bc0960d-SJC',
97 verbose headers   etag: 'W/"7f199122c7e79ed54ffcc0deb347222a"',
97 verbose headers   'expect-ct': 'max-age=604800, report-uri="https://report-uri.cloudflare.com/cdn-cgi/beacon/expect-ct"',
97 verbose headers   'last-modified': 'Sun, 27 May 2018 11:20:06 GMT',
97 verbose headers   vary: 'accept-encoding, accept',
97 verbose headers   server: 'cloudflare',
97 verbose headers   'content-encoding': 'gzip' }
98 silly get cb [ 200,
98 silly get   { date: 'Wed, 17 Apr 2019 22:58:27 GMT',
98 silly get     'content-type': 'application/json; charset=UTF-8',
98 silly get     'transfer-encoding': 'chunked',
98 silly get     connection: 'keep-alive',
98 silly get     'set-cookie':
98 silly get      [ '__cfduid=d4bd2acac7f6a69a1b433077044758bbb1555541907; expires=Thu, 16-Apr-20 22:58:27 GMT; path=/; domain=.registry.npmjs.org; HttpOnly' ],
98 silly get     'cf-cache-status': 'HIT',
98 silly get     'cache-control': 'max-age=300',
98 silly get     'cf-ray': '4c9200f72bc0960d-SJC',
98 silly get     etag: 'W/"7f199122c7e79ed54ffcc0deb347222a"',
98 silly get     'expect-ct': 'max-age=604800, report-uri="https://report-uri.cloudflare.com/cdn-cgi/beacon/expect-ct"',
98 silly get     'last-modified': 'Sun, 27 May 2018 11:20:06 GMT',
98 silly get     vary: 'accept-encoding, accept',
98 silly get     server: 'cloudflare',
98 silly get     'content-encoding': 'gzip' } ]
99 verbose get saving optimist to /home/mike-moss/.npm/registry.npmjs.org/optimist/.cache.json
100 silly resolveWithNewModule optimist@0.6.1 checking installable status
101 silly cache add args [ 'optimist@>=0.3.4', null ]
102 verbose cache add spec optimist@>=0.3.4
103 silly cache add parsed spec Result {
103 silly cache add   raw: 'optimist@>=0.3.4',
103 silly cache add   scope: null,
103 silly cache add   name: 'optimist',
103 silly cache add   rawSpec: '>=0.3.4',
103 silly cache add   spec: '>=0.3.4',
103 silly cache add   type: 'range' }
104 silly addNamed optimist@>=0.3.4
105 verbose addNamed ">=0.3.4" is a valid semver range for optimist
106 silly addNameRange { name: 'optimist', range: '>=0.3.4', hasData: false }
107 silly mapToRegistry name optimist
108 silly mapToRegistry using default registry
109 silly mapToRegistry registry https://registry.npmjs.org/
110 silly mapToRegistry uri https://registry.npmjs.org/optimist
111 verbose addNameRange registry:https://registry.npmjs.org/optimist not in flight; fetching
112 verbose get https://registry.npmjs.org/optimist not expired, no request
113 silly addNameRange number 2 { name: 'optimist', range: '>=0.3.4', hasData: true }
114 silly addNameRange versions [ 'optimist',
114 silly addNameRange   [ '0.0.1',
114 silly addNameRange     '0.0.2',
114 silly addNameRange     '0.0.4',
114 silly addNameRange     '0.0.5',
114 silly addNameRange     '0.0.6',
114 silly addNameRange     '0.0.7',
114 silly addNameRange     '0.1.0',
114 silly addNameRange     '0.1.1',
114 silly addNameRange     '0.1.2',
114 silly addNameRange     '0.1.3',
114 silly addNameRange     '0.1.4',
114 silly addNameRange     '0.1.5',
114 silly addNameRange     '0.1.6',
114 silly addNameRange     '0.1.7',
114 silly addNameRange     '0.1.8',
114 silly addNameRange     '0.1.9',
114 silly addNameRange     '0.0.3',
114 silly addNameRange     '0.2.0',
114 silly addNameRange     '0.2.1',
114 silly addNameRange     '0.2.2',
114 silly addNameRange     '0.2.3',
114 silly addNameRange     '0.2.4',
114 silly addNameRange     '0.2.5',
114 silly addNameRange     '0.2.6',
114 silly addNameRange     '0.2.7',
114 silly addNameRange     '0.2.8',
114 silly addNameRange     '0.3.0',
114 silly addNameRange     '0.3.1',
114 silly addNameRange     '0.3.3',
114 silly addNameRange     '0.3.4',
114 silly addNameRange     '0.3.5',
114 silly addNameRange     '0.3.6',
114 silly addNameRange     '0.3.7',
114 silly addNameRange     '0.4.0',
114 silly addNameRange     '0.5.0',
114 silly addNameRange     '0.5.1',
114 silly addNameRange     '0.5.2',
114 silly addNameRange     '0.6.0',
114 silly addNameRange     '0.6.1' ] ]
115 silly addNamed optimist@0.6.1
116 verbose addNamed "0.6.1" is a plain semver version for optimist
117 silly mapToRegistry name optimist
118 silly mapToRegistry using default registry
119 silly mapToRegistry registry https://registry.npmjs.org/
120 silly mapToRegistry uri https://registry.npmjs.org/optimist
121 verbose addRemoteTarball https://registry.npmjs.org/optimist/-/optimist-0.6.1.tgz not in flight; adding
122 verbose addRemoteTarball [ 'https://registry.npmjs.org/optimist/-/optimist-0.6.1.tgz',
122 verbose addRemoteTarball   'da3ea74686fa21a19a111c326e90eb15a0196686' ]
123 info retry fetch attempt 1 at 3:58:27 PM
124 info attempt registry request try #1 at 3:58:27 PM
125 http fetch GET https://registry.npmjs.org/optimist/-/optimist-0.6.1.tgz
126 http fetch 200 https://registry.npmjs.org/optimist/-/optimist-0.6.1.tgz
127 silly fetchAndShaCheck shasum da3ea74686fa21a19a111c326e90eb15a0196686
128 verbose addTmpTarball /tmp/npm-2228-3ac6f7eb/registry.npmjs.org/optimist/-/optimist-0.6.1.tgz not in flight; adding
129 verbose addTmpTarball already have metadata; skipping unpack for optimist@0.6.1
130 silly cache afterAdd optimist@0.6.1
131 verbose afterAdd /home/mike-moss/.npm/optimist/0.6.1/package/package.json not in flight; writing
132 verbose afterAdd /home/mike-moss/.npm/optimist/0.6.1/package/package.json written
133 http 200 https://registry.npmjs.org/mime
134 verbose headers { date: 'Wed, 17 Apr 2019 22:58:30 GMT',
134 verbose headers   'content-type': 'application/json',
134 verbose headers   'transfer-encoding': 'chunked',
134 verbose headers   connection: 'keep-alive',
134 verbose headers   'set-cookie':
134 verbose headers    [ '__cfduid=d7c549d19007594464919c9b917b5bc4d1555541910; expires=Thu, 16-Apr-20 22:58:30 GMT; path=/; domain=.registry.npmjs.org; HttpOnly' ],
134 verbose headers   'cf-cache-status': 'HIT',
134 verbose headers   'cache-control': 'max-age=300',
134 verbose headers   'cf-ray': '4c92010afdf16e50-SJC',
134 verbose headers   etag: 'W/"82e0411abfb33fc274fd167a03dde07f"',
134 verbose headers   'expect-ct': 'max-age=604800, report-uri="https://report-uri.cloudflare.com/cdn-cgi/beacon/expect-ct"',
134 verbose headers   'last-modified': 'Sun, 07 Apr 2019 18:23:53 GMT',
134 verbose headers   vary: 'accept-encoding, accept',
134 verbose headers   'x-amz-meta-rev': '254-1a18c2b53aeafda7d9afa60b3453dacf',
134 verbose headers   server: 'cloudflare',
134 verbose headers   'content-encoding': 'gzip' }
135 silly get cb [ 200,
135 silly get   { date: 'Wed, 17 Apr 2019 22:58:30 GMT',
135 silly get     'content-type': 'application/json',
135 silly get     'transfer-encoding': 'chunked',
135 silly get     connection: 'keep-alive',
135 silly get     'set-cookie':
135 silly get      [ '__cfduid=d7c549d19007594464919c9b917b5bc4d1555541910; expires=Thu, 16-Apr-20 22:58:30 GMT; path=/; domain=.registry.npmjs.org; HttpOnly' ],
135 silly get     'cf-cache-status': 'HIT',
135 silly get     'cache-control': 'max-age=300',
135 silly get     'cf-ray': '4c92010afdf16e50-SJC',
135 silly get     etag: 'W/"82e0411abfb33fc274fd167a03dde07f"',
135 silly get     'expect-ct': 'max-age=604800, report-uri="https://report-uri.cloudflare.com/cdn-cgi/beacon/expect-ct"',
135 silly get     'last-modified': 'Sun, 07 Apr 2019 18:23:53 GMT',
135 silly get     vary: 'accept-encoding, accept',
135 silly get     'x-amz-meta-rev': '254-1a18c2b53aeafda7d9afa60b3453dacf',
135 silly get     server: 'cloudflare',
135 silly get     'content-encoding': 'gzip' } ]
136 verbose get saving mime to /home/mike-moss/.npm/registry.npmjs.org/mime/.cache.json
137 silly resolveWithNewModule mime@1.6.0 checking installable status
138 silly cache add args [ 'mime@^1.2.9', null ]
139 verbose cache add spec mime@^1.2.9
140 silly cache add parsed spec Result {
140 silly cache add   raw: 'mime@^1.2.9',
140 silly cache add   scope: null,
140 silly cache add   name: 'mime',
140 silly cache add   rawSpec: '^1.2.9',
140 silly cache add   spec: '>=1.2.9 <2.0.0',
140 silly cache add   type: 'range' }
141 silly addNamed mime@>=1.2.9 <2.0.0
142 verbose addNamed ">=1.2.9 <2.0.0" is a valid semver range for mime
143 silly addNameRange { name: 'mime', range: '>=1.2.9 <2.0.0', hasData: false }
144 silly mapToRegistry name mime
145 silly mapToRegistry using default registry
146 silly mapToRegistry registry https://registry.npmjs.org/
147 silly mapToRegistry uri https://registry.npmjs.org/mime
148 verbose addNameRange registry:https://registry.npmjs.org/mime not in flight; fetching
149 verbose get https://registry.npmjs.org/mime not expired, no request
150 silly addNameRange number 2 { name: 'mime', range: '>=1.2.9 <2.0.0', hasData: true }
151 silly addNameRange versions [ 'mime',
151 silly addNameRange   [ '1.0.0',
151 silly addNameRange     '1.1.0',
151 silly addNameRange     '1.2.1',
151 silly addNameRange     '1.2.2',
151 silly addNameRange     '1.2.3',
151 silly addNameRange     '1.2.4',
151 silly addNameRange     '1.2.5',
151 silly addNameRange     '1.2.6',
151 silly addNameRange     '1.2.7',
151 silly addNameRange     '1.2.8',
151 silly addNameRange     '1.2.9',
151 silly addNameRange     '1.2.10',
151 silly addNameRange     '1.2.11',
151 silly addNameRange     '1.3.0',
151 silly addNameRange     '1.3.2',
151 silly addNameRange     '1.3.3',
151 silly addNameRange     '1.3.4',
151 silly addNameRange     '1.3.5',
151 silly addNameRange     '1.3.6',
151 silly addNameRange     '1.4.0',
151 silly addNameRange     '2.0.0',
151 silly addNameRange     '2.0.1',
151 silly addNameRange     '2.0.2',
151 silly addNameRange     '1.4.1',
151 silly addNameRange     '2.0.3',
151 silly addNameRange     '1.5.0',
151 silly addNameRange     '1.6.0',
151 silly addNameRange     '2.0.5',
151 silly addNameRange     '2.1.0',
151 silly addNameRange     '2.2.0',
151 silly addNameRange     '2.2.1',
151 silly addNameRange     '2.2.2',
151 silly addNameRange     '2.3.0',
151 silly addNameRange     '2.3.1',
151 silly addNameRange     '2.4.0',
151 silly addNameRange     '2.4.1',
151 silly addNameRange     '2.4.2' ] ]
152 silly addNamed mime@1.6.0
153 verbose addNamed "1.6.0" is a plain semver version for mime
154 silly mapToRegistry name mime
155 silly mapToRegistry using default registry
156 silly mapToRegistry registry https://registry.npmjs.org/
157 silly mapToRegistry uri https://registry.npmjs.org/mime
158 verbose addRemoteTarball https://registry.npmjs.org/mime/-/mime-1.6.0.tgz not in flight; adding
159 verbose addRemoteTarball [ 'https://registry.npmjs.org/mime/-/mime-1.6.0.tgz',
159 verbose addRemoteTarball   '32cd9e5c64553bd58d19a568af452acff04981b1' ]
160 info retry fetch attempt 1 at 3:58:30 PM
161 info attempt registry request try #1 at 3:58:30 PM
162 http fetch GET https://registry.npmjs.org/mime/-/mime-1.6.0.tgz
163 http fetch 200 https://registry.npmjs.org/mime/-/mime-1.6.0.tgz
164 silly fetchAndShaCheck shasum 32cd9e5c64553bd58d19a568af452acff04981b1
165 verbose addTmpTarball /tmp/npm-2228-3ac6f7eb/registry.npmjs.org/mime/-/mime-1.6.0.tgz not in flight; adding
166 verbose addTmpTarball already have metadata; skipping unpack for mime@1.6.0
167 silly cache afterAdd mime@1.6.0
168 verbose afterAdd /home/mike-moss/.npm/mime/1.6.0/package/package.json not in flight; writing
169 verbose afterAdd /home/mike-moss/.npm/mime/1.6.0/package/package.json written
170 info retry will retry, error on last attempt: Error: connect ECONNREFUSED 104.16.23.35:443
171 info attempt registry request try #2 at 3:58:57 PM
172 http request GET https://registry.npmjs.org/colors
173 http 200 https://registry.npmjs.org/colors
174 verbose headers { date: 'Wed, 17 Apr 2019 22:58:58 GMT',
174 verbose headers   'content-type': 'application/json',
174 verbose headers   'transfer-encoding': 'chunked',
174 verbose headers   connection: 'keep-alive',
174 verbose headers   'set-cookie':
174 verbose headers    [ '__cfduid=d9eb1e6997820f8971ab757bcd99789991555541938; expires=Thu, 16-Apr-20 22:58:58 GMT; path=/; domain=.registry.npmjs.org; HttpOnly' ],
174 verbose headers   'cf-cache-status': 'HIT',
174 verbose headers   'cache-control': 'max-age=300',
174 verbose headers   'cf-ray': '4c9201b908266e50-SJC',
174 verbose headers   etag: 'W/"e8b663db0f08bd6fa47f4e48f235236a"',
174 verbose headers   'expect-ct': 'max-age=604800, report-uri="https://report-uri.cloudflare.com/cdn-cgi/beacon/expect-ct"',
174 verbose headers   'last-modified': 'Tue, 01 Jan 2019 14:45:26 GMT',
174 verbose headers   vary: 'accept-encoding, accept',
174 verbose headers   'x-amz-meta-rev': '590-89a7da6ffd0b04b050e4ffd8a4ff9f36',
174 verbose headers   server: 'cloudflare',
174 verbose headers   'content-encoding': 'gzip' }
175 silly get cb [ 200,
175 silly get   { date: 'Wed, 17 Apr 2019 22:58:58 GMT',
175 silly get     'content-type': 'application/json',
175 silly get     'transfer-encoding': 'chunked',
175 silly get     connection: 'keep-alive',
175 silly get     'set-cookie':
175 silly get      [ '__cfduid=d9eb1e6997820f8971ab757bcd99789991555541938; expires=Thu, 16-Apr-20 22:58:58 GMT; path=/; domain=.registry.npmjs.org; HttpOnly' ],
175 silly get     'cf-cache-status': 'HIT',
175 silly get     'cache-control': 'max-age=300',
175 silly get     'cf-ray': '4c9201b908266e50-SJC',
175 silly get     etag: 'W/"e8b663db0f08bd6fa47f4e48f235236a"',
175 silly get     'expect-ct': 'max-age=604800, report-uri="https://report-uri.cloudflare.com/cdn-cgi/beacon/expect-ct"',
175 silly get     'last-modified': 'Tue, 01 Jan 2019 14:45:26 GMT',
175 silly get     vary: 'accept-encoding, accept',
175 silly get     'x-amz-meta-rev': '590-89a7da6ffd0b04b050e4ffd8a4ff9f36',
175 silly get     server: 'cloudflare',
175 silly get     'content-encoding': 'gzip' } ]
176 verbose get saving colors to /home/mike-moss/.npm/registry.npmjs.org/colors/.cache.json
177 silly resolveWithNewModule colors@1.3.3 checking installable status
178 silly cache add args [ 'colors@>=0.6.0', null ]
179 verbose cache add spec colors@>=0.6.0
180 silly cache add parsed spec Result {
180 silly cache add   raw: 'colors@>=0.6.0',
180 silly cache add   scope: null,
180 silly cache add   name: 'colors',
180 silly cache add   rawSpec: '>=0.6.0',
180 silly cache add   spec: '>=0.6.0',
180 silly cache add   type: 'range' }
181 silly addNamed colors@>=0.6.0
182 verbose addNamed ">=0.6.0" is a valid semver range for colors
183 silly addNameRange { name: 'colors', range: '>=0.6.0', hasData: false }
184 silly mapToRegistry name colors
185 silly mapToRegistry using default registry
186 silly mapToRegistry registry https://registry.npmjs.org/
187 silly mapToRegistry uri https://registry.npmjs.org/colors
188 verbose addNameRange registry:https://registry.npmjs.org/colors not in flight; fetching
189 verbose get https://registry.npmjs.org/colors not expired, no request
190 silly addNameRange number 2 { name: 'colors', range: '>=0.6.0', hasData: true }
191 silly addNameRange versions [ 'colors',
191 silly addNameRange   [ '0.3.0',
191 silly addNameRange     '0.5.0',
191 silly addNameRange     '0.5.1',
191 silly addNameRange     '0.6.0',
191 silly addNameRange     '0.6.0-1',
191 silly addNameRange     '0.6.1',
191 silly addNameRange     '0.6.2',
191 silly addNameRange     '1.0.0',
191 silly addNameRange     '1.0.1',
191 silly addNameRange     '1.0.2',
191 silly addNameRange     '1.0.3',
191 silly addNameRange     '1.1.0',
191 silly addNameRange     '1.1.1',
191 silly addNameRange     '1.1.2',
191 silly addNameRange     '1.2.0-rc0',
191 silly addNameRange     '1.2.0',
191 silly addNameRange     '1.2.1',
191 silly addNameRange     '1.2.2',
191 silly addNameRange     '1.2.3',
191 silly addNameRange     '1.2.4',
191 silly addNameRange     '1.2.5',
191 silly addNameRange     '1.3.0',
191 silly addNameRange     '1.3.1',
191 silly addNameRange     '1.3.2',
191 silly addNameRange     '1.3.3' ] ]
192 silly addNamed colors@1.3.3
193 verbose addNamed "1.3.3" is a plain semver version for colors
194 silly mapToRegistry name colors
195 silly mapToRegistry using default registry
196 silly mapToRegistry registry https://registry.npmjs.org/
197 silly mapToRegistry uri https://registry.npmjs.org/colors
198 verbose addRemoteTarball https://registry.npmjs.org/colors/-/colors-1.3.3.tgz not in flight; adding
199 verbose addRemoteTarball [ 'https://registry.npmjs.org/colors/-/colors-1.3.3.tgz',
199 verbose addRemoteTarball   '39e005d546afe01e01f9c4ca8fa50f686a01205d' ]
200 info retry fetch attempt 1 at 3:58:58 PM
201 info attempt registry request try #1 at 3:58:58 PM
202 http fetch GET https://registry.npmjs.org/colors/-/colors-1.3.3.tgz
203 http fetch 200 https://registry.npmjs.org/colors/-/colors-1.3.3.tgz
204 silly fetchAndShaCheck shasum 39e005d546afe01e01f9c4ca8fa50f686a01205d
205 verbose addTmpTarball /tmp/npm-2228-3ac6f7eb/registry.npmjs.org/colors/-/colors-1.3.3.tgz not in flight; adding
206 verbose addTmpTarball already have metadata; skipping unpack for colors@1.3.3
207 silly cache afterAdd colors@1.3.3
208 verbose afterAdd /home/mike-moss/.npm/colors/1.3.3/package/package.json not in flight; writing
209 verbose afterAdd /home/mike-moss/.npm/colors/1.3.3/package/package.json written
210 silly fetchNamedPackageData wordwrap
211 silly mapToRegistry name wordwrap
212 silly mapToRegistry using default registry
213 silly mapToRegistry registry https://registry.npmjs.org/
214 silly mapToRegistry uri https://registry.npmjs.org/wordwrap
215 silly fetchNamedPackageData minimist
216 silly mapToRegistry name minimist
217 silly mapToRegistry using default registry
218 silly mapToRegistry registry https://registry.npmjs.org/
219 silly mapToRegistry uri https://registry.npmjs.org/minimist
220 verbose request uri https://registry.npmjs.org/wordwrap
221 verbose request no auth needed
222 info attempt registry request try #1 at 3:58:58 PM
223 http request GET https://registry.npmjs.org/wordwrap
224 verbose request uri https://registry.npmjs.org/minimist
225 verbose request no auth needed
226 info attempt registry request try #1 at 3:58:58 PM
227 http request GET https://registry.npmjs.org/minimist
228 http 200 https://registry.npmjs.org/wordwrap
229 verbose headers { date: 'Wed, 17 Apr 2019 22:58:58 GMT',
229 verbose headers   'content-type': 'application/json; charset=UTF-8',
229 verbose headers   'transfer-encoding': 'chunked',
229 verbose headers   connection: 'keep-alive',
229 verbose headers   'set-cookie':
229 verbose headers    [ '__cfduid=d9eb1e6997820f8971ab757bcd99789991555541938; expires=Thu, 16-Apr-20 22:58:58 GMT; path=/; domain=.registry.npmjs.org; HttpOnly' ],
229 verbose headers   'cf-cache-status': 'HIT',
229 verbose headers   'cache-control': 'max-age=300',
229 verbose headers   'cf-ray': '4c9201bbc9f66e50-SJC',
229 verbose headers   etag: 'W/"d02165da8db3b351122ab0c1299c9240"',
229 verbose headers   'expect-ct': 'max-age=604800, report-uri="https://report-uri.cloudflare.com/cdn-cgi/beacon/expect-ct"',
229 verbose headers   'last-modified': 'Sun, 27 May 2018 22:15:53 GMT',
229 verbose headers   vary: 'accept-encoding, accept',
229 verbose headers   server: 'cloudflare',
229 verbose headers   'content-encoding': 'gzip' }
230 silly get cb [ 200,
230 silly get   { date: 'Wed, 17 Apr 2019 22:58:58 GMT',
230 silly get     'content-type': 'application/json; charset=UTF-8',
230 silly get     'transfer-encoding': 'chunked',
230 silly get     connection: 'keep-alive',
230 silly get     'set-cookie':
230 silly get      [ '__cfduid=d9eb1e6997820f8971ab757bcd99789991555541938; expires=Thu, 16-Apr-20 22:58:58 GMT; path=/; domain=.registry.npmjs.org; HttpOnly' ],
230 silly get     'cf-cache-status': 'HIT',
230 silly get     'cache-control': 'max-age=300',
230 silly get     'cf-ray': '4c9201bbc9f66e50-SJC',
230 silly get     etag: 'W/"d02165da8db3b351122ab0c1299c9240"',
230 silly get     'expect-ct': 'max-age=604800, report-uri="https://report-uri.cloudflare.com/cdn-cgi/beacon/expect-ct"',
230 silly get     'last-modified': 'Sun, 27 May 2018 22:15:53 GMT',
230 silly get     vary: 'accept-encoding, accept',
230 silly get     server: 'cloudflare',
230 silly get     'content-encoding': 'gzip' } ]
231 verbose get saving wordwrap to /home/mike-moss/.npm/registry.npmjs.org/wordwrap/.cache.json
232 http 200 https://registry.npmjs.org/minimist
233 verbose headers { date: 'Wed, 17 Apr 2019 22:58:58 GMT',
233 verbose headers   'content-type': 'application/json',
233 verbose headers   'transfer-encoding': 'chunked',
233 verbose headers   connection: 'keep-alive',
233 verbose headers   'set-cookie':
233 verbose headers    [ '__cfduid=d8acc732d85079e7fdc282c982fd3774e1555541938; expires=Thu, 16-Apr-20 22:58:58 GMT; path=/; domain=.registry.npmjs.org; HttpOnly' ],
233 verbose headers   'cf-cache-status': 'HIT',
233 verbose headers   'cache-control': 'max-age=300',
233 verbose headers   'cf-ray': '4c9201bbdfea960d-SJC',
233 verbose headers   etag: 'W/"9dfbe33104f5b8b3939e22efda3e8529"',
233 verbose headers   'expect-ct': 'max-age=604800, report-uri="https://report-uri.cloudflare.com/cdn-cgi/beacon/expect-ct"',
233 verbose headers   'last-modified': 'Fri, 04 Jan 2019 19:41:42 GMT',
233 verbose headers   vary: 'accept-encoding, accept',
233 verbose headers   'x-amz-meta-rev': '553-2cf91eb33542937a55c888f7eadc2f1e',
233 verbose headers   server: 'cloudflare',
233 verbose headers   'content-encoding': 'gzip' }
234 silly get cb [ 200,
234 silly get   { date: 'Wed, 17 Apr 2019 22:58:58 GMT',
234 silly get     'content-type': 'application/json',
234 silly get     'transfer-encoding': 'chunked',
234 silly get     connection: 'keep-alive',
234 silly get     'set-cookie':
234 silly get      [ '__cfduid=d8acc732d85079e7fdc282c982fd3774e1555541938; expires=Thu, 16-Apr-20 22:58:58 GMT; path=/; domain=.registry.npmjs.org; HttpOnly' ],
234 silly get     'cf-cache-status': 'HIT',
234 silly get     'cache-control': 'max-age=300',
234 silly get     'cf-ray': '4c9201bbdfea960d-SJC',
234 silly get     etag: 'W/"9dfbe33104f5b8b3939e22efda3e8529"',
234 silly get     'expect-ct': 'max-age=604800, report-uri="https://report-uri.cloudflare.com/cdn-cgi/beacon/expect-ct"',
234 silly get     'last-modified': 'Fri, 04 Jan 2019 19:41:42 GMT',
234 silly get     vary: 'accept-encoding, accept',
234 silly get     'x-amz-meta-rev': '553-2cf91eb33542937a55c888f7eadc2f1e',
234 silly get     server: 'cloudflare',
234 silly get     'content-encoding': 'gzip' } ]
235 verbose get saving minimist to /home/mike-moss/.npm/registry.npmjs.org/minimist/.cache.json
236 silly resolveWithNewModule wordwrap@0.0.3 checking installable status
237 silly cache add args [ 'wordwrap@~0.0.2', null ]
238 verbose cache add spec wordwrap@~0.0.2
239 silly cache add parsed spec Result {
239 silly cache add   raw: 'wordwrap@~0.0.2',
239 silly cache add   scope: null,
239 silly cache add   name: 'wordwrap',
239 silly cache add   rawSpec: '~0.0.2',
239 silly cache add   spec: '>=0.0.2 <0.1.0',
239 silly cache add   type: 'range' }
240 silly addNamed wordwrap@>=0.0.2 <0.1.0
241 verbose addNamed ">=0.0.2 <0.1.0" is a valid semver range for wordwrap
242 silly addNameRange { name: 'wordwrap', range: '>=0.0.2 <0.1.0', hasData: false }
243 silly mapToRegistry name wordwrap
244 silly mapToRegistry using default registry
245 silly mapToRegistry registry https://registry.npmjs.org/
246 silly mapToRegistry uri https://registry.npmjs.org/wordwrap
247 verbose addNameRange registry:https://registry.npmjs.org/wordwrap not in flight; fetching
248 silly resolveWithNewModule minimist@0.0.10 checking installable status
249 silly cache add args [ 'minimist@~0.0.1', null ]
250 verbose cache add spec minimist@~0.0.1
251 silly cache add parsed spec Result {
251 silly cache add   raw: 'minimist@~0.0.1',
251 silly cache add   scope: null,
251 silly cache add   name: 'minimist',
251 silly cache add   rawSpec: '~0.0.1',
251 silly cache add   spec: '>=0.0.1 <0.1.0',
251 silly cache add   type: 'range' }
252 silly addNamed minimist@>=0.0.1 <0.1.0
253 verbose addNamed ">=0.0.1 <0.1.0" is a valid semver range for minimist
254 silly addNameRange { name: 'minimist', range: '>=0.0.1 <0.1.0', hasData: false }
255 silly mapToRegistry name minimist
256 silly mapToRegistry using default registry
257 silly mapToRegistry registry https://registry.npmjs.org/
258 silly mapToRegistry uri https://registry.npmjs.org/minimist
259 verbose addNameRange registry:https://registry.npmjs.org/minimist not in flight; fetching
260 verbose get https://registry.npmjs.org/wordwrap not expired, no request
261 silly addNameRange number 2 { name: 'wordwrap', range: '>=0.0.2 <0.1.0', hasData: true }
262 silly addNameRange versions [ 'wordwrap', [ '0.0.1', '0.0.2', '0.0.3', '1.0.0' ] ]
263 silly addNamed wordwrap@0.0.3
264 verbose addNamed "0.0.3" is a plain semver version for wordwrap
265 silly mapToRegistry name wordwrap
266 silly mapToRegistry using default registry
267 silly mapToRegistry registry https://registry.npmjs.org/
268 silly mapToRegistry uri https://registry.npmjs.org/wordwrap
269 verbose addRemoteTarball https://registry.npmjs.org/wordwrap/-/wordwrap-0.0.3.tgz not in flight; adding
270 verbose addRemoteTarball [ 'https://registry.npmjs.org/wordwrap/-/wordwrap-0.0.3.tgz',
270 verbose addRemoteTarball   'a3d5da6cd5c0bc0008d37234bbaf1bed63059107' ]
271 verbose get https://registry.npmjs.org/minimist not expired, no request
272 silly addNameRange number 2 { name: 'minimist', range: '>=0.0.1 <0.1.0', hasData: true }
273 silly addNameRange versions [ 'minimist',
273 silly addNameRange   [ '0.0.0',
273 silly addNameRange     '0.0.1',
273 silly addNameRange     '0.0.2',
273 silly addNameRange     '0.0.3',
273 silly addNameRange     '0.0.4',
273 silly addNameRange     '0.0.5',
273 silly addNameRange     '0.0.6',
273 silly addNameRange     '0.0.7',
273 silly addNameRange     '0.0.8',
273 silly addNameRange     '0.0.9',
273 silly addNameRange     '0.0.10',
273 silly addNameRange     '0.1.0',
273 silly addNameRange     '0.2.0',
273 silly addNameRange     '1.0.0',
273 silly addNameRange     '1.1.0',
273 silly addNameRange     '1.1.1',
273 silly addNameRange     '1.1.2',
273 silly addNameRange     '1.1.3',
273 silly addNameRange     '1.2.0' ] ]
274 silly addNamed minimist@0.0.10
275 verbose addNamed "0.0.10" is a plain semver version for minimist
276 info retry fetch attempt 1 at 3:58:58 PM
277 info attempt registry request try #1 at 3:58:58 PM
278 http fetch GET https://registry.npmjs.org/wordwrap/-/wordwrap-0.0.3.tgz
279 silly mapToRegistry name minimist
280 silly mapToRegistry using default registry
281 silly mapToRegistry registry https://registry.npmjs.org/
282 silly mapToRegistry uri https://registry.npmjs.org/minimist
283 verbose addRemoteTarball https://registry.npmjs.org/minimist/-/minimist-0.0.10.tgz not in flight; adding
284 verbose addRemoteTarball [ 'https://registry.npmjs.org/minimist/-/minimist-0.0.10.tgz',
284 verbose addRemoteTarball   'de3f98543dbf96082be48ad1a0c7cda836301dcf' ]
285 info retry fetch attempt 1 at 3:58:58 PM
286 info attempt registry request try #1 at 3:58:58 PM
287 http fetch GET https://registry.npmjs.org/minimist/-/minimist-0.0.10.tgz
288 http fetch 200 https://registry.npmjs.org/minimist/-/minimist-0.0.10.tgz
289 http fetch 200 https://registry.npmjs.org/wordwrap/-/wordwrap-0.0.3.tgz
290 silly fetchAndShaCheck shasum de3f98543dbf96082be48ad1a0c7cda836301dcf
291 verbose addTmpTarball /tmp/npm-2228-3ac6f7eb/registry.npmjs.org/minimist/-/minimist-0.0.10.tgz not in flight; adding
292 verbose addTmpTarball already have metadata; skipping unpack for minimist@0.0.10
293 silly cache afterAdd minimist@0.0.10
294 verbose afterAdd /home/mike-moss/.npm/minimist/0.0.10/package/package.json not in flight; writing
295 verbose afterAdd /home/mike-moss/.npm/minimist/0.0.10/package/package.json written
296 silly fetchAndShaCheck shasum a3d5da6cd5c0bc0008d37234bbaf1bed63059107
297 verbose addTmpTarball /tmp/npm-2228-3ac6f7eb/registry.npmjs.org/wordwrap/-/wordwrap-0.0.3.tgz not in flight; adding
298 verbose addTmpTarball already have metadata; skipping unpack for wordwrap@0.0.3
299 silly cache afterAdd wordwrap@0.0.3
300 verbose afterAdd /home/mike-moss/.npm/wordwrap/0.0.3/package/package.json not in flight; writing
301 verbose afterAdd /home/mike-moss/.npm/wordwrap/0.0.3/package/package.json written
302 silly loadAllDepsIntoIdealTree Finishing
303 silly idealTree:prePrune lib
303 silly idealTree:prePrune └─┬ node-static@0.7.11
303 silly idealTree:prePrune   ├── colors@1.3.3
303 silly idealTree:prePrune   ├── mime@1.6.0
303 silly idealTree:prePrune   ├── minimist@0.0.10
303 silly idealTree:prePrune   ├── optimist@0.6.1
303 silly idealTree:prePrune   └── wordwrap@0.0.3
304 silly loadIdealTree Finishing
305 silly currentTree lib
306 silly idealTree lib
306 silly idealTree └─┬ node-static@0.7.11
306 silly idealTree   ├── colors@1.3.3
306 silly idealTree   ├── mime@1.6.0
306 silly idealTree   ├── minimist@0.0.10
306 silly idealTree   ├── optimist@0.6.1
306 silly idealTree   └── wordwrap@0.0.3
307 silly generateActionsToTake Starting
308 silly install generateActionsToTake
309 warn checkPermissions Missing write access to /usr/local/lib
310 silly rollbackFailedOptional Starting
311 silly rollbackFailedOptional Finishing
312 silly runTopLevelLifecycles Starting
313 silly runTopLevelLifecycles Finishing
314 silly install printInstalled
315 verbose stack Error: EACCES: permission denied, access '/usr/local/lib'
316 verbose cwd /home/mike-moss/Desktop/Kickstart/homework/2_Frontend/Javascript-Chart
317 error Linux 4.15.0-47-generic
318 error argv "/usr/bin/node" "/usr/bin/npm" "install" "-g" "node-static"
319 error node v8.10.0
320 error npm  v3.5.2
321 error path /usr/local/lib
322 error code EACCES
323 error errno -13
324 error syscall access
325 error Error: EACCES: permission denied, access '/usr/local/lib'
325 error  { Error: EACCES: permission denied, access '/usr/local/lib'
325 error   errno: -13,
325 error   code: 'EACCES',
325 error   syscall: 'access',
325 error   path: '/usr/local/lib' }
326 error Please try running this command again as root/Administrator.
327 verbose exit [ -13, true ]
